  BotFlip.cpp
C:\Users\ianfr\source\repos\BotFlip\BotFlip.cpp(22,10): warning C4067: unexpected tokens following preprocessor directive - expected a newline
C:\Users\ianfr\source\repos\BotFlip\BotFlip.cpp(23,10): warning C4067: unexpected tokens following preprocessor directive - expected a newline
C:\Users\ianfr\source\repos\BotFlip\BotFlip.cpp(24,10): warning C4067: unexpected tokens following preprocessor directive - expected a newline
C:\Users\ianfr\source\repos\BotFlip\BotFlip.cpp(25,10): warning C4067: unexpected tokens following preprocessor directive - expected a newline
C:\Users\ianfr\source\repos\BotFlip\BotFlip.cpp(26,10): warning C4067: unexpected tokens following preprocessor directive - expected a newline
C:\Users\ianfr\source\repos\BotFlip\BotFlip.cpp(27,10): warning C4067: unexpected tokens following preprocessor directive - expected a newline
C:\Users\ianfr\source\repos\BotFlip\BotFlip.cpp(28,10): warning C4067: unexpected tokens following preprocessor directive - expected a newline
C:\Users\ianfr\source\repos\BotFlip\BotFlip.cpp(29,10): warning C4067: unexpected tokens following preprocessor directive - expected a newline
C:\Users\ianfr\source\repos\BotFlip\BotFlip.cpp(30,10): warning C4067: unexpected tokens following preprocessor directive - expected a newline
C:\Users\ianfr\source\repos\BotFlip\Command.cpp(1,10): warning C4067: unexpected tokens following preprocessor directive - expected a newline
C:\Users\ianfr\source\repos\BotFlip\Command.cpp(2,10): warning C4067: unexpected tokens following preprocessor directive - expected a newline
C:\Users\ianfr\source\repos\BotFlip\Command.cpp(3,10): warning C4067: unexpected tokens following preprocessor directive - expected a newline
C:\Users\ianfr\source\repos\BotFlip\BotFlipConfig.cpp(1,10): warning C4067: unexpected tokens following preprocessor directive - expected a newline
C:\Users\ianfr\source\repos\BotFlip\BotFlip.cpp(31,10): warning C4067: unexpected tokens following preprocessor directive - expected a newline
C:\Users\ianfr\source\repos\BotFlip\CommandFactory.cpp(1,10): warning C4067: unexpected tokens following preprocessor directive - expected a newline
C:\Users\ianfr\source\repos\BotFlip\CommandFactory.cpp(2,10): warning C4067: unexpected tokens following preprocessor directive - expected a newline
C:\Users\ianfr\source\repos\BotFlip\HelpCommand.cpp(1,10): warning C4067: unexpected tokens following preprocessor directive - expected a newline
C:\Users\ianfr\source\repos\BotFlip\Command.cpp(1,10): warning C4067: unexpected tokens following preprocessor directive - expected a newline
C:\Users\ianfr\source\repos\BotFlip\Command.cpp(2,10): warning C4067: unexpected tokens following preprocessor directive - expected a newline
C:\Users\ianfr\source\repos\BotFlip\Command.cpp(3,10): warning C4067: unexpected tokens following preprocessor directive - expected a newline
C:\Users\ianfr\source\repos\BotFlip\BotFlipConfig.cpp(1,10): warning C4067: unexpected tokens following preprocessor directive - expected a newline
C:\Users\ianfr\source\repos\BotFlip\BotFlipConfig.cpp(6,1): error C2011: 'BotFlipConfig': 'class' type redefinition
C:\Users\ianfr\source\repos\BotFlip\BotFlipConfig.cpp(5): message : see declaration of 'BotFlipConfig'
C:\Users\ianfr\source\repos\BotFlip\Command.cpp(9,1): error C2011: 'Command': 'class' type redefinition
C:\Users\ianfr\source\repos\BotFlip\Command.cpp(8): message : see declaration of 'Command'
C:\Users\ianfr\source\repos\BotFlip\HelpCommand.cpp(6,1): error C2504: 'Command': base class undefined
C:\Users\ianfr\source\repos\BotFlip\HelpCommand.cpp(12,9): error C3668: 'HelpCommand::description': method with override specifier 'override' did not override any base class methods
C:\Users\ianfr\source\repos\BotFlip\HelpCommand.cpp(17,9): error C3668: 'HelpCommand::name': method with override specifier 'override' did not override any base class methods
C:\Users\ianfr\source\repos\BotFlip\HelpCommand.cpp(26,7): error C3668: 'HelpCommand::run': method with override specifier 'override' did not override any base class methods
C:\Users\ianfr\source\repos\BotFlip\HelpCommand.cpp(72,4): error C3861: 'e': identifier not found
C:\Users\ianfr\source\repos\BotFlip\CommandFactory.cpp(3,10): warning C4067: unexpected tokens following preprocessor directive - expected a newline
C:\Users\ianfr\source\repos\BotFlip\PlayCoinsCommand.cpp(1,10): warning C4067: unexpected tokens following preprocessor directive - expected a newline
C:\Users\ianfr\source\repos\BotFlip\Command.cpp(1,10): warning C4067: unexpected tokens following preprocessor directive - expected a newline
C:\Users\ianfr\source\repos\BotFlip\Command.cpp(2,10): warning C4067: unexpected tokens following preprocessor directive - expected a newline
C:\Users\ianfr\source\repos\BotFlip\Command.cpp(3,10): warning C4067: unexpected tokens following preprocessor directive - expected a newline
C:\Users\ianfr\source\repos\BotFlip\BotFlipConfig.cpp(1,10): warning C4067: unexpected tokens following preprocessor directive - expected a newline
C:\Users\ianfr\source\repos\BotFlip\PlayCoinsCommand.cpp(2,10): warning C4067: unexpected tokens following preprocessor directive - expected a newline
C:\Users\ianfr\source\repos\BotFlip\BotFlipConfig.cpp(1,10): warning C4067: unexpected tokens following preprocessor directive - expected a newline
C:\Users\ianfr\source\repos\BotFlip\PlayCoinsCommand.cpp(7,1): error C2504: 'Command': base class undefined
C:\Users\ianfr\source\repos\BotFlip\PlayCoinsCommand.cpp(12,9): error C3668: 'PlayCoinsCommand::description': method with override specifier 'override' did not override any base class methods
C:\Users\ianfr\source\repos\BotFlip\PlayCoinsCommand.cpp(17,9): error C3668: 'PlayCoinsCommand::name': method with override specifier 'override' did not override any base class methods
C:\Users\ianfr\source\repos\BotFlip\PlayCoinsCommand.cpp(22,7): error C3668: 'PlayCoinsCommand::run': method with override specifier 'override' did not override any base class methods
C:\Users\ianfr\source\repos\BotFlip\PlayCoinsCommand.cpp(30,17): error C2039: 'getConfig': is not a member of 'PlayCoinsCommand'
C:\Users\ianfr\source\repos\BotFlip\PlayCoinsCommand.cpp(6): message : see declaration of 'PlayCoinsCommand'
C:\Users\ianfr\source\repos\BotFlip\PlayCoinsCommand.cpp(33,14): error C2039: 'getConfig': is not a member of 'PlayCoinsCommand'
C:\Users\ianfr\source\repos\BotFlip\PlayCoinsCommand.cpp(6): message : see declaration of 'PlayCoinsCommand'
C:\Users\ianfr\source\repos\BotFlip\PlayCoinsCommand.cpp(37,11): error C2039: 'getConfig': is not a member of 'PlayCoinsCommand'
C:\Users\ianfr\source\repos\BotFlip\PlayCoinsCommand.cpp(6): message : see declaration of 'PlayCoinsCommand'
C:\Users\ianfr\source\repos\BotFlip\PlayCoinsCommand.cpp(47,4): error C3861: 'e': identifier not found
C:\Users\ianfr\source\repos\BotFlip\CommandFactory.cpp(4,10): warning C4067: unexpected tokens following preprocessor directive - expected a newline
C:\Users\ianfr\source\repos\BotFlip\PlayPaperCommand.cpp(1,10): warning C4067: unexpected tokens following preprocessor directive - expected a newline
C:\Users\ianfr\source\repos\BotFlip\Command.cpp(1,10): warning C4067: unexpected tokens following preprocessor directive - expected a newline
C:\Users\ianfr\source\repos\BotFlip\Command.cpp(2,10): warning C4067: unexpected tokens following preprocessor directive - expected a newline
C:\Users\ianfr\source\repos\BotFlip\Command.cpp(3,10): warning C4067: unexpected tokens following preprocessor directive - expected a newline
C:\Users\ianfr\source\repos\BotFlip\BotFlipConfig.cpp(1,10): warning C4067: unexpected tokens following preprocessor directive - expected a newline
C:\Users\ianfr\source\repos\BotFlip\PlayPaperCommand.cpp(6,1): error C2504: 'Command': base class undefined
C:\Users\ianfr\source\repos\BotFlip\PlayPaperCommand.cpp(11,9): error C3668: 'PlayPaperCommand::description': method with override specifier 'override' did not override any base class methods
C:\Users\ianfr\source\repos\BotFlip\PlayPaperCommand.cpp(16,9): error C3668: 'PlayPaperCommand::name': method with override specifier 'override' did not override any base class methods
C:\Users\ianfr\source\repos\BotFlip\PlayPaperCommand.cpp(21,7): error C3668: 'PlayPaperCommand::run': method with override specifier 'override' did not override any base class methods
C:\Users\ianfr\source\repos\BotFlip\PlayPaperCommand.cpp(29,17): error C2039: 'getConfig': is not a member of 'PlayPaperCommand'
C:\Users\ianfr\source\repos\BotFlip\PlayPaperCommand.cpp(5): message : see declaration of 'PlayPaperCommand'
C:\Users\ianfr\source\repos\BotFlip\PlayPaperCommand.cpp(32,14): error C2039: 'getConfig': is not a member of 'PlayPaperCommand'
C:\Users\ianfr\source\repos\BotFlip\PlayPaperCommand.cpp(5): message : see declaration of 'PlayPaperCommand'
C:\Users\ianfr\source\repos\BotFlip\PlayPaperCommand.cpp(36,11): error C2039: 'getConfig': is not a member of 'PlayPaperCommand'
C:\Users\ianfr\source\repos\BotFlip\PlayPaperCommand.cpp(5): message : see declaration of 'PlayPaperCommand'
C:\Users\ianfr\source\repos\BotFlip\PlayPaperCommand.cpp(46,4): error C3861: 'e': identifier not found
C:\Users\ianfr\source\repos\BotFlip\CommandFactory.cpp(20,1): error C2440: 'return': cannot convert from 'std::unique_ptr<HelpCommand,std::default_delete<HelpCommand>>' to 'std::unique_ptr<Command,std::default_delete<Command>>'
C:\Users\ianfr\source\repos\BotFlip\CommandFactory.cpp(20,5): message : No user-defined-conversion operator available that can perform this conversion, or the operator cannot be called
C:\Users\ianfr\source\repos\BotFlip\CommandFactory.cpp(22,1): error C2440: 'return': cannot convert from 'std::unique_ptr<PlayCoinsCommand,std::default_delete<PlayCoinsCommand>>' to 'std::unique_ptr<Command,std::default_delete<Command>>'
C:\Users\ianfr\source\repos\BotFlip\CommandFactory.cpp(22,5): message : No user-defined-conversion operator available that can perform this conversion, or the operator cannot be called
C:\Users\ianfr\source\repos\BotFlip\CommandFactory.cpp(24,1): error C2440: 'return': cannot convert from 'std::unique_ptr<PlayPaperCommand,std::default_delete<PlayPaperCommand>>' to 'std::unique_ptr<Command,std::default_delete<Command>>'
C:\Users\ianfr\source\repos\BotFlip\CommandFactory.cpp(24,5): message : No user-defined-conversion operator available that can perform this conversion, or the operator cannot be called
C:\Users\ianfr\source\repos\BotFlip\BotFlip.cpp(194,75): warning C4566: character represented by universal-character-name '\u0201' cannot be represented in the current code page (1252)
C:\Users\ianfr\source\repos\BotFlip\BotFlip.cpp(76,19): error C2027: use of undefined type 'BotFlipConfig'
C:\Users\ianfr\source\repos\BotFlip\BotFlipConfig.cpp(5): message : see declaration of 'BotFlipConfig'
C:\Users\ianfr\source\repos\BotFlip\BotFlip.cpp(95,1): error C2027: use of undefined type 'BotFlipConfig'
C:\Users\ianfr\source\repos\BotFlip\BotFlipConfig.cpp(5): message : see declaration of 'BotFlipConfig'
C:\Users\ianfr\source\repos\BotFlip\BotFlip.cpp(104,1): error C2027: use of undefined type 'BotFlipConfig'
C:\Users\ianfr\source\repos\BotFlip\BotFlipConfig.cpp(5): message : see declaration of 'BotFlipConfig'
C:\Users\ianfr\source\repos\BotFlip\BotFlip.cpp(112,1): error C2027: use of undefined type 'BotFlipConfig'
C:\Users\ianfr\source\repos\BotFlip\BotFlipConfig.cpp(5): message : see declaration of 'BotFlipConfig'
C:\Users\ianfr\source\repos\BotFlip\BotFlip.cpp(126,1): error C2027: use of undefined type 'BotFlipConfig'
C:\Users\ianfr\source\repos\BotFlip\BotFlipConfig.cpp(5): message : see declaration of 'BotFlipConfig'
C:\Users\ianfr\source\repos\BotFlip\BotFlip.cpp(134,1): error C2027: use of undefined type 'BotFlipConfig'
C:\Users\ianfr\source\repos\BotFlip\BotFlipConfig.cpp(5): message : see declaration of 'BotFlipConfig'
C:\Users\ianfr\source\repos\BotFlip\BotFlip.cpp(135,1): error C2027: use of undefined type 'BotFlipConfig'
C:\Users\ianfr\source\repos\BotFlip\BotFlipConfig.cpp(5): message : see declaration of 'BotFlipConfig'
C:\Users\ianfr\source\repos\BotFlip\BotFlip.cpp(157,1): error C2027: use of undefined type 'BotFlipConfig'
C:\Users\ianfr\source\repos\BotFlip\BotFlipConfig.cpp(5): message : see declaration of 'BotFlipConfig'
C:\Users\ianfr\source\repos\BotFlip\BotFlip.cpp(158,1): error C2027: use of undefined type 'BotFlipConfig'
C:\Users\ianfr\source\repos\BotFlip\BotFlipConfig.cpp(5): message : see declaration of 'BotFlipConfig'
C:\Users\ianfr\source\repos\BotFlip\BotFlip.cpp(195,24): warning C4838: conversion from 'int' to 'char' requires a narrowing conversion
C:\Users\ianfr\source\repos\BotFlip\BotFlip.cpp(197,1): warning C4305: 'initializing': truncation from 'int' to 'char'
C:\Users\ianfr\source\repos\BotFlip\BotFlip.cpp(195,24): warning C4309: 'initializing': truncation of constant value
C:\Users\ianfr\source\repos\BotFlip\BotFlip.cpp(305,1): error C2027: use of undefined type 'BotFlipConfig'
C:\Users\ianfr\source\repos\BotFlip\BotFlipConfig.cpp(5): message : see declaration of 'BotFlipConfig'
C:\Users\ianfr\source\repos\BotFlip\BotFlip.cpp(445,1): error C2027: use of undefined type 'BotFlipConfig'
C:\Users\ianfr\source\repos\BotFlip\BotFlipConfig.cpp(5): message : see declaration of 'BotFlipConfig'
C:\Users\ianfr\source\repos\BotFlip\BotFlip.cpp(459,1): error C2027: use of undefined type 'BotFlipConfig'
C:\Users\ianfr\source\repos\BotFlip\BotFlipConfig.cpp(5): message : see declaration of 'BotFlipConfig'
C:\Users\ianfr\source\repos\BotFlip\BotFlip.cpp(625,9): error C2027: use of undefined type 'Command'
C:\Users\ianfr\source\repos\BotFlip\Command.cpp(8): message : see declaration of 'Command'
C:\Users\ianfr\source\repos\BotFlip\BotFlip.cpp(625,11): error C2039: 'run': is not a member of 'std::unique_ptr<Command,std::default_delete<Command>>'
C:\Users\ianfr\source\repos\BotFlip\CommandFactory.cpp(17): message : see declaration of 'std::unique_ptr<Command,std::default_delete<Command>>'
  Command.cpp
C:\Users\ianfr\source\repos\BotFlip\Command.cpp(1,10): warning C4067: unexpected tokens following preprocessor directive - expected a newline
C:\Users\ianfr\source\repos\BotFlip\Command.cpp(2,10): warning C4067: unexpected tokens following preprocessor directive - expected a newline
C:\Users\ianfr\source\repos\BotFlip\Command.cpp(3,10): warning C4067: unexpected tokens following preprocessor directive - expected a newline
C:\Users\ianfr\source\repos\BotFlip\BotFlipConfig.cpp(1,10): warning C4067: unexpected tokens following preprocessor directive - expected a newline
  CommandFactory.cpp
C:\Users\ianfr\source\repos\BotFlip\CommandFactory.cpp(1,10): warning C4067: unexpected tokens following preprocessor directive - expected a newline
C:\Users\ianfr\source\repos\BotFlip\CommandFactory.cpp(2,10): warning C4067: unexpected tokens following preprocessor directive - expected a newline
C:\Users\ianfr\source\repos\BotFlip\HelpCommand.cpp(1,10): warning C4067: unexpected tokens following preprocessor directive - expected a newline
C:\Users\ianfr\source\repos\BotFlip\Command.cpp(1,10): warning C4067: unexpected tokens following preprocessor directive - expected a newline
C:\Users\ianfr\source\repos\BotFlip\Command.cpp(2,10): warning C4067: unexpected tokens following preprocessor directive - expected a newline
C:\Users\ianfr\source\repos\BotFlip\Command.cpp(3,10): warning C4067: unexpected tokens following preprocessor directive - expected a newline
C:\Users\ianfr\source\repos\BotFlip\BotFlipConfig.cpp(1,10): warning C4067: unexpected tokens following preprocessor directive - expected a newline
C:\Users\ianfr\source\repos\BotFlip\CommandFactory.cpp(3,10): warning C4067: unexpected tokens following preprocessor directive - expected a newline
C:\Users\ianfr\source\repos\BotFlip\PlayCoinsCommand.cpp(1,10): warning C4067: unexpected tokens following preprocessor directive - expected a newline
C:\Users\ianfr\source\repos\BotFlip\Command.cpp(1,10): warning C4067: unexpected tokens following preprocessor directive - expected a newline
C:\Users\ianfr\source\repos\BotFlip\Command.cpp(2,10): warning C4067: unexpected tokens following preprocessor directive - expected a newline
C:\Users\ianfr\source\repos\BotFlip\Command.cpp(3,10): warning C4067: unexpected tokens following preprocessor directive - expected a newline
C:\Users\ianfr\source\repos\BotFlip\BotFlipConfig.cpp(1,10): warning C4067: unexpected tokens following preprocessor directive - expected a newline
C:\Users\ianfr\source\repos\BotFlip\BotFlipConfig.cpp(6,1): error C2011: 'BotFlipConfig': 'class' type redefinition
C:\Users\ianfr\source\repos\BotFlip\BotFlipConfig.cpp(5): message : see declaration of 'BotFlipConfig'
C:\Users\ianfr\source\repos\BotFlip\Command.cpp(9,1): error C2011: 'Command': 'class' type redefinition
C:\Users\ianfr\source\repos\BotFlip\Command.cpp(8): message : see declaration of 'Command'
C:\Users\ianfr\source\repos\BotFlip\PlayCoinsCommand.cpp(2,10): warning C4067: unexpected tokens following preprocessor directive - expected a newline
C:\Users\ianfr\source\repos\BotFlip\BotFlipConfig.cpp(1,10): warning C4067: unexpected tokens following preprocessor directive - expected a newline
C:\Users\ianfr\source\repos\BotFlip\PlayCoinsCommand.cpp(7,1): error C2504: 'Command': base class undefined
C:\Users\ianfr\source\repos\BotFlip\PlayCoinsCommand.cpp(12,9): error C3668: 'PlayCoinsCommand::description': method with override specifier 'override' did not override any base class methods
C:\Users\ianfr\source\repos\BotFlip\PlayCoinsCommand.cpp(17,9): error C3668: 'PlayCoinsCommand::name': method with override specifier 'override' did not override any base class methods
C:\Users\ianfr\source\repos\BotFlip\PlayCoinsCommand.cpp(22,7): error C3668: 'PlayCoinsCommand::run': method with override specifier 'override' did not override any base class methods
C:\Users\ianfr\source\repos\BotFlip\PlayCoinsCommand.cpp(30,17): error C2039: 'getConfig': is not a member of 'PlayCoinsCommand'
C:\Users\ianfr\source\repos\BotFlip\PlayCoinsCommand.cpp(6): message : see declaration of 'PlayCoinsCommand'
C:\Users\ianfr\source\repos\BotFlip\PlayCoinsCommand.cpp(33,14): error C2039: 'getConfig': is not a member of 'PlayCoinsCommand'
C:\Users\ianfr\source\repos\BotFlip\PlayCoinsCommand.cpp(6): message : see declaration of 'PlayCoinsCommand'
C:\Users\ianfr\source\repos\BotFlip\PlayCoinsCommand.cpp(37,11): error C2039: 'getConfig': is not a member of 'PlayCoinsCommand'
C:\Users\ianfr\source\repos\BotFlip\PlayCoinsCommand.cpp(6): message : see declaration of 'PlayCoinsCommand'
C:\Users\ianfr\source\repos\BotFlip\PlayCoinsCommand.cpp(47,4): error C3861: 'e': identifier not found
C:\Users\ianfr\source\repos\BotFlip\CommandFactory.cpp(4,10): warning C4067: unexpected tokens following preprocessor directive - expected a newline
C:\Users\ianfr\source\repos\BotFlip\PlayPaperCommand.cpp(1,10): warning C4067: unexpected tokens following preprocessor directive - expected a newline
C:\Users\ianfr\source\repos\BotFlip\Command.cpp(1,10): warning C4067: unexpected tokens following preprocessor directive - expected a newline
C:\Users\ianfr\source\repos\BotFlip\Command.cpp(2,10): warning C4067: unexpected tokens following preprocessor directive - expected a newline
C:\Users\ianfr\source\repos\BotFlip\Command.cpp(3,10): warning C4067: unexpected tokens following preprocessor directive - expected a newline
C:\Users\ianfr\source\repos\BotFlip\BotFlipConfig.cpp(1,10): warning C4067: unexpected tokens following preprocessor directive - expected a newline
C:\Users\ianfr\source\repos\BotFlip\PlayPaperCommand.cpp(6,1): error C2504: 'Command': base class undefined
C:\Users\ianfr\source\repos\BotFlip\PlayPaperCommand.cpp(11,9): error C3668: 'PlayPaperCommand::description': method with override specifier 'override' did not override any base class methods
C:\Users\ianfr\source\repos\BotFlip\PlayPaperCommand.cpp(16,9): error C3668: 'PlayPaperCommand::name': method with override specifier 'override' did not override any base class methods
C:\Users\ianfr\source\repos\BotFlip\PlayPaperCommand.cpp(21,7): error C3668: 'PlayPaperCommand::run': method with override specifier 'override' did not override any base class methods
C:\Users\ianfr\source\repos\BotFlip\PlayPaperCommand.cpp(29,17): error C2039: 'getConfig': is not a member of 'PlayPaperCommand'
C:\Users\ianfr\source\repos\BotFlip\PlayPaperCommand.cpp(5): message : see declaration of 'PlayPaperCommand'
C:\Users\ianfr\source\repos\BotFlip\PlayPaperCommand.cpp(32,14): error C2039: 'getConfig': is not a member of 'PlayPaperCommand'
C:\Users\ianfr\source\repos\BotFlip\PlayPaperCommand.cpp(5): message : see declaration of 'PlayPaperCommand'
C:\Users\ianfr\source\repos\BotFlip\PlayPaperCommand.cpp(36,11): error C2039: 'getConfig': is not a member of 'PlayPaperCommand'
C:\Users\ianfr\source\repos\BotFlip\PlayPaperCommand.cpp(5): message : see declaration of 'PlayPaperCommand'
C:\Users\ianfr\source\repos\BotFlip\PlayPaperCommand.cpp(46,4): error C3861: 'e': identifier not found
C:\Users\ianfr\source\repos\BotFlip\CommandFactory.cpp(22,1): error C2440: 'return': cannot convert from 'std::unique_ptr<PlayCoinsCommand,std::default_delete<PlayCoinsCommand>>' to 'std::unique_ptr<Command,std::default_delete<Command>>'
C:\Users\ianfr\source\repos\BotFlip\CommandFactory.cpp(22,5): message : No user-defined-conversion operator available that can perform this conversion, or the operator cannot be called
C:\Users\ianfr\source\repos\BotFlip\CommandFactory.cpp(24,1): error C2440: 'return': cannot convert from 'std::unique_ptr<PlayPaperCommand,std::default_delete<PlayPaperCommand>>' to 'std::unique_ptr<Command,std::default_delete<Command>>'
C:\Users\ianfr\source\repos\BotFlip\CommandFactory.cpp(24,5): message : No user-defined-conversion operator available that can perform this conversion, or the operator cannot be called
  HelpCommand.cpp
C:\Users\ianfr\source\repos\BotFlip\HelpCommand.cpp(1,10): warning C4067: unexpected tokens following preprocessor directive - expected a newline
C:\Users\ianfr\source\repos\BotFlip\Command.cpp(1,10): warning C4067: unexpected tokens following preprocessor directive - expected a newline
C:\Users\ianfr\source\repos\BotFlip\Command.cpp(2,10): warning C4067: unexpected tokens following preprocessor directive - expected a newline
C:\Users\ianfr\source\repos\BotFlip\Command.cpp(3,10): warning C4067: unexpected tokens following preprocessor directive - expected a newline
C:\Users\ianfr\source\repos\BotFlip\BotFlipConfig.cpp(1,10): warning C4067: unexpected tokens following preprocessor directive - expected a newline
  PlayCoinsCommand.cpp
C:\Users\ianfr\source\repos\BotFlip\PlayCoinsCommand.cpp(1,10): warning C4067: unexpected tokens following preprocessor directive - expected a newline
C:\Users\ianfr\source\repos\BotFlip\Command.cpp(1,10): warning C4067: unexpected tokens following preprocessor directive - expected a newline
C:\Users\ianfr\source\repos\BotFlip\Command.cpp(2,10): warning C4067: unexpected tokens following preprocessor directive - expected a newline
C:\Users\ianfr\source\repos\BotFlip\Command.cpp(3,10): warning C4067: unexpected tokens following preprocessor directive - expected a newline
C:\Users\ianfr\source\repos\BotFlip\BotFlipConfig.cpp(1,10): warning C4067: unexpected tokens following preprocessor directive - expected a newline
C:\Users\ianfr\source\repos\BotFlip\PlayCoinsCommand.cpp(2,10): warning C4067: unexpected tokens following preprocessor directive - expected a newline
C:\Users\ianfr\source\repos\BotFlip\BotFlipConfig.cpp(1,10): warning C4067: unexpected tokens following preprocessor directive - expected a newline
C:\Users\ianfr\source\repos\BotFlip\BotFlipConfig.cpp(6,1): error C2011: 'BotFlipConfig': 'class' type redefinition
C:\Users\ianfr\source\repos\BotFlip\BotFlipConfig.cpp(5): message : see declaration of 'BotFlipConfig'
C:\Users\ianfr\source\repos\BotFlip\PlayCoinsCommand.cpp(30,1): error C2027: use of undefined type 'BotFlipConfig'
C:\Users\ianfr\source\repos\BotFlip\BotFlipConfig.cpp(5): message : see declaration of 'BotFlipConfig'
C:\Users\ianfr\source\repos\BotFlip\PlayCoinsCommand.cpp(33,1): error C2027: use of undefined type 'BotFlipConfig'
C:\Users\ianfr\source\repos\BotFlip\BotFlipConfig.cpp(5): message : see declaration of 'BotFlipConfig'
C:\Users\ianfr\source\repos\BotFlip\PlayCoinsCommand.cpp(37,1): error C2027: use of undefined type 'BotFlipConfig'
C:\Users\ianfr\source\repos\BotFlip\BotFlipConfig.cpp(5): message : see declaration of 'BotFlipConfig'
  PlayPaperCommand.cpp
C:\Users\ianfr\source\repos\BotFlip\PlayPaperCommand.cpp(1,10): warning C4067: unexpected tokens following preprocessor directive - expected a newline
C:\Users\ianfr\source\repos\BotFlip\Command.cpp(1,10): warning C4067: unexpected tokens following preprocessor directive - expected a newline
C:\Users\ianfr\source\repos\BotFlip\Command.cpp(2,10): warning C4067: unexpected tokens following preprocessor directive - expected a newline
C:\Users\ianfr\source\repos\BotFlip\Command.cpp(3,10): warning C4067: unexpected tokens following preprocessor directive - expected a newline
C:\Users\ianfr\source\repos\BotFlip\BotFlipConfig.cpp(1,10): warning C4067: unexpected tokens following preprocessor directive - expected a newline
  Generating Code...
